<?xml version="1.0" encoding="UTF-8"?>
<testsuite name="BowlTest" tests="3" skipped="0" failures="0" errors="0" timestamp="2022-10-12T22:27:38" hostname="LAPTOP-CAI3EAKR" time="0.019">
  <properties/>
  <testcase name="shouldDecreaseByGivenAmount()" classname="BowlTest" time="0.015"/>
  <testcase name="shouldThrowExceptionWhenNotEnoughLiquidInGlass()" classname="BowlTest" time="0.002"/>
  <testcase name="shouldThrowExceptionWhenNegativeAmountProvided()" classname="BowlTest" time="0.001"/>
  <system-out><![CDATA[]]></system-out>
  <system-err><![CDATA[]]></system-err>
</testsuite>
